[2019-08-06 15:52:01] local.DEBUG: Message-ID: <4dfb2c52b810d09e4a1ceab718bee3d7@meet.com>
Date: Tue, 06 Aug 2019 15:52:01 +0000
Subject: User Registration
From: bharat.parmar@ia.ooo
To: tinku@gmail.com
MIME-Version: 1.0
Content-Type: text/html; charset=utf-8
Content-Transfer-Encoding: quoted-printable

Hello tinku,

<br/>

Sie erhalten diese Nachricht, weil Sie sich für das Event Event 1 angemeldet haben test new2 and have not yet confirmed your participation. Make sure not to miss this great opportunity and start improving your networking experience at test new2 by confirming your participation now!
<br/>
Before you can start using the MeetingTool, please activate your account by setting a password
<br/>
<a href="http://meet.com/activateuser/6">Activate my account!</a>
<br/>
Your username for login is: tinku@gmail.com
<br/>
<br/>
If you cannot attend or would prefer not to use the MeetingTool, you can also cancel your participation.  
[2019-08-06 16:40:10] local.DEBUG: Message-ID: <e49acf270afa87e38d02f8b960d833af@meet.com>
Date: Tue, 06 Aug 2019 16:40:10 +0000
Subject: User Registration
From: bharat.parmar@ia.ooo
To: tinku@gmail.com
MIME-Version: 1.0
Content-Type: text/html; charset=utf-8
Content-Transfer-Encoding: quoted-printable

Hello tinku,

<br/>

Sie erhalten diese Nachricht, weil Sie sich für das Event Event 1 angemeldet haben test new2 and have not yet confirmed your participation. Make sure not to miss this great opportunity and start improving your networking experience at test new2 by confirming your participation now!
<br/>
Before you can start using the MeetingTool, please activate your account by setting a password
<br/>
<a href="http://meet.com/activateuser/6">Activate my account!</a>
<br/>
Your username for login is: tinku@gmail.com
<br/>
<br/>
If you cannot attend or would prefer not to use the MeetingTool, you can also cancel your participation.  
[2019-08-06 17:12:30] local.DEBUG: Message-ID: <7761cbac82d76ce7afd3d017fe567158@meet.com>
Date: Tue, 06 Aug 2019 17:12:30 +0000
Subject: User Registration
From: bharat.parmar@ia.ooo
To: tinku@gmail.com
MIME-Version: 1.0
Content-Type: text/html; charset=utf-8
Content-Transfer-Encoding: quoted-printable

Hello tinku,

<br/>

Sie erhalten diese Nachricht, weil Sie sich für das Event Event 1 angemeldet haben test new2 and have not yet confirmed your participation. Make sure not to miss this great opportunity and start improving your networking experience at test new2 by confirming your participation now!
<br/>
Before you can start using the MeetingTool, please activate your account by setting a password
<br/>
<a href="http://meet.com/activateuserpartcipation/1">Participate in event!</a>
<br/>
Your username for login is: tinku@gmail.com
<br/>
<br/>
If you cannot attend or would prefer not to use the MeetingTool, you can also cancel your participation.  
