[2019-08-20 21:11:47] local.ERROR: syntax error, unexpected '=>' (T_DOUBLE_ARROW) {"exception":"[object] (Symfony\\Component\\Debug\\Exception\\FatalThrowableError(code: 0): syntax error, unexpected '=>' (T_DOUBLE_ARROW) at /var/www/html/lara/blog/database/factories/PersonFactory.php:13)
[stacktrace]
#0 /var/www/html/lara/blog/vendor/laravel/framework/src/Illuminate/Database/Eloquent/Factory.php(68): Illuminate\\Database\\Eloquent\\Factory->load('/var/www/html/l...')
#1 /var/www/html/lara/blog/vendor/laravel/framework/src/Illuminate/Database/DatabaseServiceProvider.php(83): Illuminate\\Database\\Eloquent\\Factory::construct(Object(Faker\\Generator), '/var/www/html/l...')
#2 /var/www/html/lara/blog/vendor/laravel/framework/src/Illuminate/Container/Container.php(787): Illuminate\\Database\\DatabaseServiceProvider->Illuminate\\Database\\{closure}(Object(Illuminate\\Foundation\\Application), Array)
#3 /var/www/html/lara/blog/vendor/laravel/framework/src/Illuminate/Container/Container.php(667): Illuminate\\Container\\Container->build(Object(Closure))
#4 /var/www/html/lara/blog/vendor/laravel/framework/src/Illuminate/Container/Container.php(615): Illuminate\\Container\\Container->resolve('Illuminate\\\\Data...', Array)
#5 /var/www/html/lara/blog/vendor/laravel/framework/src/Illuminate/Foundation/Application.php(767): Illuminate\\Container\\Container->make('Illuminate\\\\Data...', Array)
#6 /var/www/html/lara/blog/vendor/laravel/framework/src/Illuminate/Foundation/helpers.php(121): Illuminate\\Foundation\\Application->make('Illuminate\\\\Data...', Array)
#7 /var/www/html/lara/blog/vendor/laravel/framework/src/Illuminate/Foundation/helpers.php(495): app('Illuminate\\\\Data...')
#8 /var/www/html/lara/blog/database/seeds/PersonTableSeeder.php(14): factory('App\\\\Person', 3)
#9 [internal function]: PersonTableSeeder->run()
#10 /var/www/html/lara/blog/vendor/laravel/framework/src/Illuminate/Container/BoundMethod.php(32): call_user_func_array(Array, Array)
#11 /var/www/html/lara/blog/vendor/laravel/framework/src/Illuminate/Container/BoundMethod.php(90): Illuminate\\Container\\BoundMethod::Illuminate\\Container\\{closure}()
#12 /var/www/html/lara/blog/vendor/laravel/framework/src/Illuminate/Container/BoundMethod.php(34): Illuminate\\Container\\BoundMethod::callBoundMethod(Object(Illuminate\\Foundation\\Application), Array, Object(Closure))
#13 /var/www/html/lara/blog/vendor/laravel/framework/src/Illuminate/Container/Container.php(576): Illuminate\\Container\\BoundMethod::call(Object(Illuminate\\Foundation\\Application), Array, Array, NULL)
#14 /var/www/html/lara/blog/vendor/laravel/framework/src/Illuminate/Database/Seeder.php(122): Illuminate\\Container\\Container->call(Array)
#15 /var/www/html/lara/blog/vendor/laravel/framework/src/Illuminate/Database/Console/Seeds/SeedCommand.php(63): Illuminate\\Database\\Seeder->__invoke()
#16 /var/www/html/lara/blog/vendor/laravel/framework/src/Illuminate/Database/Eloquent/Concerns/GuardsAttributes.php(122): Illuminate\\Database\\Console\\Seeds\\SeedCommand->Illuminate\\Database\\Console\\Seeds\\{closure}()
#17 /var/www/html/lara/blog/vendor/laravel/framework/src/Illuminate/Database/Console/Seeds/SeedCommand.php(64): Illuminate\\Database\\Eloquent\\Model::unguarded(Object(Closure))
#18 [internal function]: Illuminate\\Database\\Console\\Seeds\\SeedCommand->handle()
#19 /var/www/html/lara/blog/vendor/laravel/framework/src/Illuminate/Container/BoundMethod.php(32): call_user_func_array(Array, Array)
#20 /var/www/html/lara/blog/vendor/laravel/framework/src/Illuminate/Container/BoundMethod.php(90): Illuminate\\Container\\BoundMethod::Illuminate\\Container\\{closure}()
#21 /var/www/html/lara/blog/vendor/laravel/framework/src/Illuminate/Container/BoundMethod.php(34): Illuminate\\Container\\BoundMethod::callBoundMethod(Object(Illuminate\\Foundation\\Application), Array, Object(Closure))
#22 /var/www/html/lara/blog/vendor/laravel/framework/src/Illuminate/Container/Container.php(576): Illuminate\\Container\\BoundMethod::call(Object(Illuminate\\Foundation\\Application), Array, Array, NULL)
#23 /var/www/html/lara/blog/vendor/laravel/framework/src/Illuminate/Console/Command.php(183): Illuminate\\Container\\Container->call(Array)
#24 /var/www/html/lara/blog/vendor/symfony/console/Command/Command.php(255): Illuminate\\Console\\Command->execute(Object(Symfony\\Component\\Console\\Input\\ArgvInput), Object(Illuminate\\Console\\OutputStyle))
#25 /var/www/html/lara/blog/vendor/laravel/framework/src/Illuminate/Console/Command.php(170): Symfony\\Component\\Console\\Command\\Command->run(Object(Symfony\\Component\\Console\\Input\\ArgvInput), Object(Illuminate\\Console\\OutputStyle))
#26 /var/www/html/lara/blog/vendor/symfony/console/Application.php(921): Illuminate\\Console\\Command->run(Object(Symfony\\Component\\Console\\Input\\ArgvInput), Object(Symfony\\Component\\Console\\Output\\ConsoleOutput))
#27 /var/www/html/lara/blog/vendor/symfony/console/Application.php(273): Symfony\\Component\\Console\\Application->doRunCommand(Object(Illuminate\\Database\\Console\\Seeds\\SeedCommand), Object(Symfony\\Component\\Console\\Input\\ArgvInput), Object(Symfony\\Component\\Console\\Output\\ConsoleOutput))
#28 /var/www/html/lara/blog/vendor/symfony/console/Application.php(149): Symfony\\Component\\Console\\Application->doRun(Object(Symfony\\Component\\Console\\Input\\ArgvInput), Object(Symfony\\Component\\Console\\Output\\ConsoleOutput))
#29 /var/www/html/lara/blog/vendor/laravel/framework/src/Illuminate/Console/Application.php(90): Symfony\\Component\\Console\\Application->run(Object(Symfony\\Component\\Console\\Input\\ArgvInput), Object(Symfony\\Component\\Console\\Output\\ConsoleOutput))
#30 /var/www/html/lara/blog/vendor/laravel/framework/src/Illuminate/Foundation/Console/Kernel.php(133): Illuminate\\Console\\Application->run(Object(Symfony\\Component\\Console\\Input\\ArgvInput), Object(Symfony\\Component\\Console\\Output\\ConsoleOutput))
#31 /var/www/html/lara/blog/artisan(37): Illuminate\\Foundation\\Console\\Kernel->handle(Object(Symfony\\Component\\Console\\Input\\ArgvInput), Object(Symfony\\Component\\Console\\Output\\ConsoleOutput))
#32 {main}
"} 
[2019-08-20 21:12:22] local.ERROR: Cannot use empty array elements in arrays {"exception":"[object] (Symfony\\Component\\Debug\\Exception\\FatalErrorException(code: 64): Cannot use empty array elements in arrays at /var/www/html/lara/blog/database/factories/PersonFactory.php:10)
[stacktrace]
#0 /var/www/html/lara/blog/vendor/laravel/framework/src/Illuminate/Foundation/Bootstrap/HandleExceptions.php(148): Symfony\\Component\\Debug\\Exception\\FatalErrorException->__construct()
#1 /var/www/html/lara/blog/vendor/laravel/framework/src/Illuminate/Foundation/Bootstrap/HandleExceptions.php(134): Illuminate\\Foundation\\Bootstrap\\HandleExceptions->fatalExceptionFromError()
#2 /var/www/html/lara/blog/vendor/laravel/framework/src/Illuminate/Foundation/Bootstrap/HandleExceptions.php(0): Illuminate\\Foundation\\Bootstrap\\HandleExceptions->handleShutdown()
#3 /var/www/html/lara/blog/vendor/laravel/framework/src/Illuminate/Database/Eloquent/Factory.php(68): Illuminate\\Database\\Eloquent\\Factory->load()
#4 /var/www/html/lara/blog/vendor/laravel/framework/src/Illuminate/Database/DatabaseServiceProvider.php(83): Illuminate\\Database\\Eloquent\\Factory::construct()
#5 /var/www/html/lara/blog/vendor/laravel/framework/src/Illuminate/Container/Container.php(787): Illuminate\\Database\\DatabaseServiceProvider->Illuminate\\Database\\{closure:/var/www/html/lara/blog/vendor/laravel/framework/src/Illuminate/Database/DatabaseServiceProvider.php:81-85}()
#6 /var/www/html/lara/blog/vendor/laravel/framework/src/Illuminate/Container/Container.php(667): Illuminate\\Foundation\\Application->build()
#7 /var/www/html/lara/blog/vendor/laravel/framework/src/Illuminate/Container/Container.php(615): Illuminate\\Foundation\\Application->resolve()
#8 /var/www/html/lara/blog/vendor/laravel/framework/src/Illuminate/Foundation/Application.php(767): Illuminate\\Foundation\\Application->make()
#9 /var/www/html/lara/blog/vendor/laravel/framework/src/Illuminate/Foundation/helpers.php(121): Illuminate\\Foundation\\Application->make()
#10 /var/www/html/lara/blog/vendor/laravel/framework/src/Illuminate/Foundation/helpers.php(495): app()
#11 /var/www/html/lara/blog/database/seeds/PersonTableSeeder.php(14): factory()
#12 /var/www/html/lara/blog/vendor/laravel/framework/src/Illuminate/Container/BoundMethod.php(32): PersonTableSeeder->run()
#13 /var/www/html/lara/blog/vendor/laravel/framework/src/Illuminate/Container/BoundMethod.php(32): call_user_func_array:{/var/www/html/lara/blog/vendor/laravel/framework/src/Illuminate/Container/BoundMethod.php:32}()
#14 /var/www/html/lara/blog/vendor/laravel/framework/src/Illuminate/Container/BoundMethod.php(90): Illuminate\\Container\\BoundMethod::Illuminate\\Container\\{closure:/var/www/html/lara/blog/vendor/laravel/framework/src/Illuminate/Container/BoundMethod.php:30-34}()
#15 /var/www/html/lara/blog/vendor/laravel/framework/src/Illuminate/Container/BoundMethod.php(34): Illuminate\\Container\\BoundMethod::callBoundMethod()
#16 /var/www/html/lara/blog/vendor/laravel/framework/src/Illuminate/Container/Container.php(576): Illuminate\\Container\\BoundMethod::call()
#17 /var/www/html/lara/blog/vendor/laravel/framework/src/Illuminate/Database/Seeder.php(122): Illuminate\\Foundation\\Application->call()
#18 /var/www/html/lara/blog/vendor/laravel/framework/src/Illuminate/Database/Console/Seeds/SeedCommand.php(63): PersonTableSeeder->__invoke()
#19 /var/www/html/lara/blog/vendor/laravel/framework/src/Illuminate/Database/Eloquent/Concerns/GuardsAttributes.php(122): Illuminate\\Database\\Console\\Seeds\\SeedCommand->Illuminate\\Database\\Console\\Seeds\\{closure:/var/www/html/lara/blog/vendor/laravel/framework/src/Illuminate/Database/Console/Seeds/SeedCommand.php:62-64}()
#20 /var/www/html/lara/blog/vendor/laravel/framework/src/Illuminate/Database/Console/Seeds/SeedCommand.php(64): Illuminate\\Database\\Eloquent\\Model::unguarded()
#21 /var/www/html/lara/blog/vendor/laravel/framework/src/Illuminate/Container/BoundMethod.php(32): Illuminate\\Database\\Console\\Seeds\\SeedCommand->handle()
#22 /var/www/html/lara/blog/vendor/laravel/framework/src/Illuminate/Container/BoundMethod.php(32): call_user_func_array:{/var/www/html/lara/blog/vendor/laravel/framework/src/Illuminate/Container/BoundMethod.php:32}()
#23 /var/www/html/lara/blog/vendor/laravel/framework/src/Illuminate/Container/BoundMethod.php(90): Illuminate\\Container\\BoundMethod::Illuminate\\Container\\{closure:/var/www/html/lara/blog/vendor/laravel/framework/src/Illuminate/Container/BoundMethod.php:30-34}()
#24 /var/www/html/lara/blog/vendor/laravel/framework/src/Illuminate/Container/BoundMethod.php(34): Illuminate\\Container\\BoundMethod::callBoundMethod()
#25 /var/www/html/lara/blog/vendor/laravel/framework/src/Illuminate/Container/Container.php(576): Illuminate\\Container\\BoundMethod::call()
#26 /var/www/html/lara/blog/vendor/laravel/framework/src/Illuminate/Console/Command.php(183): Illuminate\\Foundation\\Application->call()
#27 /var/www/html/lara/blog/vendor/symfony/console/Command/Command.php(255): Illuminate\\Database\\Console\\Seeds\\SeedCommand->execute()
#28 /var/www/html/lara/blog/vendor/laravel/framework/src/Illuminate/Console/Command.php(170): Illuminate\\Database\\Console\\Seeds\\SeedCommand->run()
#29 /var/www/html/lara/blog/vendor/symfony/console/Application.php(921): Illuminate\\Database\\Console\\Seeds\\SeedCommand->run()
#30 /var/www/html/lara/blog/vendor/symfony/console/Application.php(273): Illuminate\\Console\\Application->doRunCommand()
#31 /var/www/html/lara/blog/vendor/symfony/console/Application.php(149): Illuminate\\Console\\Application->doRun()
#32 /var/www/html/lara/blog/vendor/laravel/framework/src/Illuminate/Console/Application.php(90): Illuminate\\Console\\Application->run()
#33 /var/www/html/lara/blog/vendor/laravel/framework/src/Illuminate/Foundation/Console/Kernel.php(133): Illuminate\\Console\\Application->run()
#34 /var/www/html/lara/blog/artisan(37): App\\Console\\Kernel->handle()
#35 /var/www/html/lara/blog/artisan(0): {main}()
#36 {main}
"} 
[2019-08-20 21:32:41] local.ERROR: Cannot use empty array elements in arrays {"exception":"[object] (Symfony\\Component\\Debug\\Exception\\FatalErrorException(code: 64): Cannot use empty array elements in arrays at /var/www/html/lara/blog/database/factories/PersonFactory.php:10)
[stacktrace]
#0 /var/www/html/lara/blog/vendor/laravel/framework/src/Illuminate/Foundation/Bootstrap/HandleExceptions.php(148): Symfony\\Component\\Debug\\Exception\\FatalErrorException->__construct()
#1 /var/www/html/lara/blog/vendor/laravel/framework/src/Illuminate/Foundation/Bootstrap/HandleExceptions.php(134): Illuminate\\Foundation\\Bootstrap\\HandleExceptions->fatalExceptionFromError()
#2 /var/www/html/lara/blog/vendor/laravel/framework/src/Illuminate/Foundation/Bootstrap/HandleExceptions.php(0): Illuminate\\Foundation\\Bootstrap\\HandleExceptions->handleShutdown()
#3 /var/www/html/lara/blog/vendor/laravel/framework/src/Illuminate/Database/Eloquent/Factory.php(68): Illuminate\\Database\\Eloquent\\Factory->load()
#4 /var/www/html/lara/blog/vendor/laravel/framework/src/Illuminate/Database/DatabaseServiceProvider.php(83): Illuminate\\Database\\Eloquent\\Factory::construct()
#5 /var/www/html/lara/blog/vendor/laravel/framework/src/Illuminate/Container/Container.php(787): Illuminate\\Database\\DatabaseServiceProvider->Illuminate\\Database\\{closure:/var/www/html/lara/blog/vendor/laravel/framework/src/Illuminate/Database/DatabaseServiceProvider.php:81-85}()
#6 /var/www/html/lara/blog/vendor/laravel/framework/src/Illuminate/Container/Container.php(667): Illuminate\\Foundation\\Application->build()
#7 /var/www/html/lara/blog/vendor/laravel/framework/src/Illuminate/Container/Container.php(615): Illuminate\\Foundation\\Application->resolve()
#8 /var/www/html/lara/blog/vendor/laravel/framework/src/Illuminate/Foundation/Application.php(767): Illuminate\\Foundation\\Application->make()
#9 /var/www/html/lara/blog/vendor/laravel/framework/src/Illuminate/Foundation/helpers.php(121): Illuminate\\Foundation\\Application->make()
#10 /var/www/html/lara/blog/vendor/laravel/framework/src/Illuminate/Foundation/helpers.php(495): app()
#11 /var/www/html/lara/blog/database/seeds/PersonTableSeeder.php(14): factory()
#12 /var/www/html/lara/blog/vendor/laravel/framework/src/Illuminate/Container/BoundMethod.php(32): PersonTableSeeder->run()
#13 /var/www/html/lara/blog/vendor/laravel/framework/src/Illuminate/Container/BoundMethod.php(32): call_user_func_array:{/var/www/html/lara/blog/vendor/laravel/framework/src/Illuminate/Container/BoundMethod.php:32}()
#14 /var/www/html/lara/blog/vendor/laravel/framework/src/Illuminate/Container/BoundMethod.php(90): Illuminate\\Container\\BoundMethod::Illuminate\\Container\\{closure:/var/www/html/lara/blog/vendor/laravel/framework/src/Illuminate/Container/BoundMethod.php:30-34}()
#15 /var/www/html/lara/blog/vendor/laravel/framework/src/Illuminate/Container/BoundMethod.php(34): Illuminate\\Container\\BoundMethod::callBoundMethod()
#16 /var/www/html/lara/blog/vendor/laravel/framework/src/Illuminate/Container/Container.php(576): Illuminate\\Container\\BoundMethod::call()
#17 /var/www/html/lara/blog/vendor/laravel/framework/src/Illuminate/Database/Seeder.php(122): Illuminate\\Foundation\\Application->call()
#18 /var/www/html/lara/blog/vendor/laravel/framework/src/Illuminate/Database/Console/Seeds/SeedCommand.php(63): PersonTableSeeder->__invoke()
#19 /var/www/html/lara/blog/vendor/laravel/framework/src/Illuminate/Database/Eloquent/Concerns/GuardsAttributes.php(122): Illuminate\\Database\\Console\\Seeds\\SeedCommand->Illuminate\\Database\\Console\\Seeds\\{closure:/var/www/html/lara/blog/vendor/laravel/framework/src/Illuminate/Database/Console/Seeds/SeedCommand.php:62-64}()
#20 /var/www/html/lara/blog/vendor/laravel/framework/src/Illuminate/Database/Console/Seeds/SeedCommand.php(64): Illuminate\\Database\\Eloquent\\Model::unguarded()
#21 /var/www/html/lara/blog/vendor/laravel/framework/src/Illuminate/Container/BoundMethod.php(32): Illuminate\\Database\\Console\\Seeds\\SeedCommand->handle()
#22 /var/www/html/lara/blog/vendor/laravel/framework/src/Illuminate/Container/BoundMethod.php(32): call_user_func_array:{/var/www/html/lara/blog/vendor/laravel/framework/src/Illuminate/Container/BoundMethod.php:32}()
#23 /var/www/html/lara/blog/vendor/laravel/framework/src/Illuminate/Container/BoundMethod.php(90): Illuminate\\Container\\BoundMethod::Illuminate\\Container\\{closure:/var/www/html/lara/blog/vendor/laravel/framework/src/Illuminate/Container/BoundMethod.php:30-34}()
#24 /var/www/html/lara/blog/vendor/laravel/framework/src/Illuminate/Container/BoundMethod.php(34): Illuminate\\Container\\BoundMethod::callBoundMethod()
#25 /var/www/html/lara/blog/vendor/laravel/framework/src/Illuminate/Container/Container.php(576): Illuminate\\Container\\BoundMethod::call()
#26 /var/www/html/lara/blog/vendor/laravel/framework/src/Illuminate/Console/Command.php(183): Illuminate\\Foundation\\Application->call()
#27 /var/www/html/lara/blog/vendor/symfony/console/Command/Command.php(255): Illuminate\\Database\\Console\\Seeds\\SeedCommand->execute()
#28 /var/www/html/lara/blog/vendor/laravel/framework/src/Illuminate/Console/Command.php(170): Illuminate\\Database\\Console\\Seeds\\SeedCommand->run()
#29 /var/www/html/lara/blog/vendor/symfony/console/Application.php(921): Illuminate\\Database\\Console\\Seeds\\SeedCommand->run()
#30 /var/www/html/lara/blog/vendor/symfony/console/Application.php(273): Illuminate\\Console\\Application->doRunCommand()
#31 /var/www/html/lara/blog/vendor/symfony/console/Application.php(149): Illuminate\\Console\\Application->doRun()
#32 /var/www/html/lara/blog/vendor/laravel/framework/src/Illuminate/Console/Application.php(90): Illuminate\\Console\\Application->run()
#33 /var/www/html/lara/blog/vendor/laravel/framework/src/Illuminate/Foundation/Console/Kernel.php(133): Illuminate\\Console\\Application->run()
#34 /var/www/html/lara/blog/artisan(37): App\\Console\\Kernel->handle()
#35 /var/www/html/lara/blog/artisan(0): {main}()
#36 {main}
"} 
[2019-08-20 21:35:25] local.ERROR: Cannot use empty array elements in arrays {"exception":"[object] (Symfony\\Component\\Debug\\Exception\\FatalErrorException(code: 64): Cannot use empty array elements in arrays at /var/www/html/lara/blog/database/factories/PersonFactory.php:11)
[stacktrace]
#0 /var/www/html/lara/blog/vendor/laravel/framework/src/Illuminate/Foundation/Bootstrap/HandleExceptions.php(148): Symfony\\Component\\Debug\\Exception\\FatalErrorException->__construct()
#1 /var/www/html/lara/blog/vendor/laravel/framework/src/Illuminate/Foundation/Bootstrap/HandleExceptions.php(134): Illuminate\\Foundation\\Bootstrap\\HandleExceptions->fatalExceptionFromError()
#2 /var/www/html/lara/blog/vendor/laravel/framework/src/Illuminate/Foundation/Bootstrap/HandleExceptions.php(0): Illuminate\\Foundation\\Bootstrap\\HandleExceptions->handleShutdown()
#3 /var/www/html/lara/blog/vendor/laravel/framework/src/Illuminate/Database/Eloquent/Factory.php(68): Illuminate\\Database\\Eloquent\\Factory->load()
#4 /var/www/html/lara/blog/vendor/laravel/framework/src/Illuminate/Database/DatabaseServiceProvider.php(83): Illuminate\\Database\\Eloquent\\Factory::construct()
#5 /var/www/html/lara/blog/vendor/laravel/framework/src/Illuminate/Container/Container.php(787): Illuminate\\Database\\DatabaseServiceProvider->Illuminate\\Database\\{closure:/var/www/html/lara/blog/vendor/laravel/framework/src/Illuminate/Database/DatabaseServiceProvider.php:81-85}()
#6 /var/www/html/lara/blog/vendor/laravel/framework/src/Illuminate/Container/Container.php(667): Illuminate\\Foundation\\Application->build()
#7 /var/www/html/lara/blog/vendor/laravel/framework/src/Illuminate/Container/Container.php(615): Illuminate\\Foundation\\Application->resolve()
#8 /var/www/html/lara/blog/vendor/laravel/framework/src/Illuminate/Foundation/Application.php(767): Illuminate\\Foundation\\Application->make()
#9 /var/www/html/lara/blog/vendor/laravel/framework/src/Illuminate/Foundation/helpers.php(121): Illuminate\\Foundation\\Application->make()
#10 /var/www/html/lara/blog/vendor/laravel/framework/src/Illuminate/Foundation/helpers.php(495): app()
#11 /var/www/html/lara/blog/database/seeds/PersonTableSeeder.php(14): factory()
#12 /var/www/html/lara/blog/vendor/laravel/framework/src/Illuminate/Container/BoundMethod.php(32): PersonTableSeeder->run()
#13 /var/www/html/lara/blog/vendor/laravel/framework/src/Illuminate/Container/BoundMethod.php(32): call_user_func_array:{/var/www/html/lara/blog/vendor/laravel/framework/src/Illuminate/Container/BoundMethod.php:32}()
#14 /var/www/html/lara/blog/vendor/laravel/framework/src/Illuminate/Container/BoundMethod.php(90): Illuminate\\Container\\BoundMethod::Illuminate\\Container\\{closure:/var/www/html/lara/blog/vendor/laravel/framework/src/Illuminate/Container/BoundMethod.php:30-34}()
#15 /var/www/html/lara/blog/vendor/laravel/framework/src/Illuminate/Container/BoundMethod.php(34): Illuminate\\Container\\BoundMethod::callBoundMethod()
#16 /var/www/html/lara/blog/vendor/laravel/framework/src/Illuminate/Container/Container.php(576): Illuminate\\Container\\BoundMethod::call()
#17 /var/www/html/lara/blog/vendor/laravel/framework/src/Illuminate/Database/Seeder.php(122): Illuminate\\Foundation\\Application->call()
#18 /var/www/html/lara/blog/vendor/laravel/framework/src/Illuminate/Database/Console/Seeds/SeedCommand.php(63): PersonTableSeeder->__invoke()
#19 /var/www/html/lara/blog/vendor/laravel/framework/src/Illuminate/Database/Eloquent/Concerns/GuardsAttributes.php(122): Illuminate\\Database\\Console\\Seeds\\SeedCommand->Illuminate\\Database\\Console\\Seeds\\{closure:/var/www/html/lara/blog/vendor/laravel/framework/src/Illuminate/Database/Console/Seeds/SeedCommand.php:62-64}()
#20 /var/www/html/lara/blog/vendor/laravel/framework/src/Illuminate/Database/Console/Seeds/SeedCommand.php(64): Illuminate\\Database\\Eloquent\\Model::unguarded()
#21 /var/www/html/lara/blog/vendor/laravel/framework/src/Illuminate/Container/BoundMethod.php(32): Illuminate\\Database\\Console\\Seeds\\SeedCommand->handle()
#22 /var/www/html/lara/blog/vendor/laravel/framework/src/Illuminate/Container/BoundMethod.php(32): call_user_func_array:{/var/www/html/lara/blog/vendor/laravel/framework/src/Illuminate/Container/BoundMethod.php:32}()
#23 /var/www/html/lara/blog/vendor/laravel/framework/src/Illuminate/Container/BoundMethod.php(90): Illuminate\\Container\\BoundMethod::Illuminate\\Container\\{closure:/var/www/html/lara/blog/vendor/laravel/framework/src/Illuminate/Container/BoundMethod.php:30-34}()
#24 /var/www/html/lara/blog/vendor/laravel/framework/src/Illuminate/Container/BoundMethod.php(34): Illuminate\\Container\\BoundMethod::callBoundMethod()
#25 /var/www/html/lara/blog/vendor/laravel/framework/src/Illuminate/Container/Container.php(576): Illuminate\\Container\\BoundMethod::call()
#26 /var/www/html/lara/blog/vendor/laravel/framework/src/Illuminate/Console/Command.php(183): Illuminate\\Foundation\\Application->call()
#27 /var/www/html/lara/blog/vendor/symfony/console/Command/Command.php(255): Illuminate\\Database\\Console\\Seeds\\SeedCommand->execute()
#28 /var/www/html/lara/blog/vendor/laravel/framework/src/Illuminate/Console/Command.php(170): Illuminate\\Database\\Console\\Seeds\\SeedCommand->run()
#29 /var/www/html/lara/blog/vendor/symfony/console/Application.php(921): Illuminate\\Database\\Console\\Seeds\\SeedCommand->run()
#30 /var/www/html/lara/blog/vendor/symfony/console/Application.php(273): Illuminate\\Console\\Application->doRunCommand()
#31 /var/www/html/lara/blog/vendor/symfony/console/Application.php(149): Illuminate\\Console\\Application->doRun()
#32 /var/www/html/lara/blog/vendor/laravel/framework/src/Illuminate/Console/Application.php(90): Illuminate\\Console\\Application->run()
#33 /var/www/html/lara/blog/vendor/laravel/framework/src/Illuminate/Foundation/Console/Kernel.php(133): Illuminate\\Console\\Application->run()
#34 /var/www/html/lara/blog/artisan(37): App\\Console\\Kernel->handle()
#35 /var/www/html/lara/blog/artisan(0): {main}()
#36 {main}
"} 
[2019-08-20 21:45:23] local.ERROR: syntax error, unexpected '=>' (T_DOUBLE_ARROW) {"exception":"[object] (Symfony\\Component\\Debug\\Exception\\FatalThrowableError(code: 0): syntax error, unexpected '=>' (T_DOUBLE_ARROW) at /var/www/html/lara/blog/database/factories/CompanyFactory.php:12)
[stacktrace]
#0 /var/www/html/lara/blog/vendor/laravel/framework/src/Illuminate/Database/Eloquent/Factory.php(68): Illuminate\\Database\\Eloquent\\Factory->load('/var/www/html/l...')
#1 /var/www/html/lara/blog/vendor/laravel/framework/src/Illuminate/Database/DatabaseServiceProvider.php(83): Illuminate\\Database\\Eloquent\\Factory::construct(Object(Faker\\Generator), '/var/www/html/l...')
#2 /var/www/html/lara/blog/vendor/laravel/framework/src/Illuminate/Container/Container.php(787): Illuminate\\Database\\DatabaseServiceProvider->Illuminate\\Database\\{closure}(Object(Illuminate\\Foundation\\Application), Array)
#3 /var/www/html/lara/blog/vendor/laravel/framework/src/Illuminate/Container/Container.php(667): Illuminate\\Container\\Container->build(Object(Closure))
#4 /var/www/html/lara/blog/vendor/laravel/framework/src/Illuminate/Container/Container.php(615): Illuminate\\Container\\Container->resolve('Illuminate\\\\Data...', Array)
#5 /var/www/html/lara/blog/vendor/laravel/framework/src/Illuminate/Foundation/Application.php(767): Illuminate\\Container\\Container->make('Illuminate\\\\Data...', Array)
#6 /var/www/html/lara/blog/vendor/laravel/framework/src/Illuminate/Foundation/helpers.php(121): Illuminate\\Foundation\\Application->make('Illuminate\\\\Data...', Array)
#7 /var/www/html/lara/blog/vendor/laravel/framework/src/Illuminate/Foundation/helpers.php(495): app('Illuminate\\\\Data...')
#8 /var/www/html/lara/blog/database/seeds/PersonTableSeeder.php(14): factory('App\\\\Person', 3)
#9 [internal function]: PersonTableSeeder->run()
#10 /var/www/html/lara/blog/vendor/laravel/framework/src/Illuminate/Container/BoundMethod.php(32): call_user_func_array(Array, Array)
#11 /var/www/html/lara/blog/vendor/laravel/framework/src/Illuminate/Container/BoundMethod.php(90): Illuminate\\Container\\BoundMethod::Illuminate\\Container\\{closure}()
#12 /var/www/html/lara/blog/vendor/laravel/framework/src/Illuminate/Container/BoundMethod.php(34): Illuminate\\Container\\BoundMethod::callBoundMethod(Object(Illuminate\\Foundation\\Application), Array, Object(Closure))
#13 /var/www/html/lara/blog/vendor/laravel/framework/src/Illuminate/Container/Container.php(576): Illuminate\\Container\\BoundMethod::call(Object(Illuminate\\Foundation\\Application), Array, Array, NULL)
#14 /var/www/html/lara/blog/vendor/laravel/framework/src/Illuminate/Database/Seeder.php(122): Illuminate\\Container\\Container->call(Array)
#15 /var/www/html/lara/blog/vendor/laravel/framework/src/Illuminate/Database/Console/Seeds/SeedCommand.php(63): Illuminate\\Database\\Seeder->__invoke()
#16 /var/www/html/lara/blog/vendor/laravel/framework/src/Illuminate/Database/Eloquent/Concerns/GuardsAttributes.php(122): Illuminate\\Database\\Console\\Seeds\\SeedCommand->Illuminate\\Database\\Console\\Seeds\\{closure}()
#17 /var/www/html/lara/blog/vendor/laravel/framework/src/Illuminate/Database/Console/Seeds/SeedCommand.php(64): Illuminate\\Database\\Eloquent\\Model::unguarded(Object(Closure))
#18 [internal function]: Illuminate\\Database\\Console\\Seeds\\SeedCommand->handle()
#19 /var/www/html/lara/blog/vendor/laravel/framework/src/Illuminate/Container/BoundMethod.php(32): call_user_func_array(Array, Array)
#20 /var/www/html/lara/blog/vendor/laravel/framework/src/Illuminate/Container/BoundMethod.php(90): Illuminate\\Container\\BoundMethod::Illuminate\\Container\\{closure}()
#21 /var/www/html/lara/blog/vendor/laravel/framework/src/Illuminate/Container/BoundMethod.php(34): Illuminate\\Container\\BoundMethod::callBoundMethod(Object(Illuminate\\Foundation\\Application), Array, Object(Closure))
#22 /var/www/html/lara/blog/vendor/laravel/framework/src/Illuminate/Container/Container.php(576): Illuminate\\Container\\BoundMethod::call(Object(Illuminate\\Foundation\\Application), Array, Array, NULL)
#23 /var/www/html/lara/blog/vendor/laravel/framework/src/Illuminate/Console/Command.php(183): Illuminate\\Container\\Container->call(Array)
#24 /var/www/html/lara/blog/vendor/symfony/console/Command/Command.php(255): Illuminate\\Console\\Command->execute(Object(Symfony\\Component\\Console\\Input\\ArgvInput), Object(Illuminate\\Console\\OutputStyle))
#25 /var/www/html/lara/blog/vendor/laravel/framework/src/Illuminate/Console/Command.php(170): Symfony\\Component\\Console\\Command\\Command->run(Object(Symfony\\Component\\Console\\Input\\ArgvInput), Object(Illuminate\\Console\\OutputStyle))
#26 /var/www/html/lara/blog/vendor/symfony/console/Application.php(921): Illuminate\\Console\\Command->run(Object(Symfony\\Component\\Console\\Input\\ArgvInput), Object(Symfony\\Component\\Console\\Output\\ConsoleOutput))
#27 /var/www/html/lara/blog/vendor/symfony/console/Application.php(273): Symfony\\Component\\Console\\Application->doRunCommand(Object(Illuminate\\Database\\Console\\Seeds\\SeedCommand), Object(Symfony\\Component\\Console\\Input\\ArgvInput), Object(Symfony\\Component\\Console\\Output\\ConsoleOutput))
#28 /var/www/html/lara/blog/vendor/symfony/console/Application.php(149): Symfony\\Component\\Console\\Application->doRun(Object(Symfony\\Component\\Console\\Input\\ArgvInput), Object(Symfony\\Component\\Console\\Output\\ConsoleOutput))
#29 /var/www/html/lara/blog/vendor/laravel/framework/src/Illuminate/Console/Application.php(90): Symfony\\Component\\Console\\Application->run(Object(Symfony\\Component\\Console\\Input\\ArgvInput), Object(Symfony\\Component\\Console\\Output\\ConsoleOutput))
#30 /var/www/html/lara/blog/vendor/laravel/framework/src/Illuminate/Foundation/Console/Kernel.php(133): Illuminate\\Console\\Application->run(Object(Symfony\\Component\\Console\\Input\\ArgvInput), Object(Symfony\\Component\\Console\\Output\\ConsoleOutput))
#31 /var/www/html/lara/blog/artisan(37): Illuminate\\Foundation\\Console\\Kernel->handle(Object(Symfony\\Component\\Console\\Input\\ArgvInput), Object(Symfony\\Component\\Console\\Output\\ConsoleOutput))
#32 {main}
"} 
[2019-08-20 21:46:02] local.ERROR: Class 'App\Compony' not found {"exception":"[object] (Symfony\\Component\\Debug\\Exception\\FatalThrowableError(code: 0): Class 'App\\Compony' not found at /var/www/html/lara/blog/vendor/laravel/framework/src/Illuminate/Database/Eloquent/FactoryBuilder.php:291)
[stacktrace]
#0 /var/www/html/lara/blog/vendor/laravel/framework/src/Illuminate/Database/Eloquent/Concerns/GuardsAttributes.php(116): Illuminate\\Database\\Eloquent\\FactoryBuilder->Illuminate\\Database\\Eloquent\\{closure}()
#1 /var/www/html/lara/blog/vendor/laravel/framework/src/Illuminate/Database/Eloquent/FactoryBuilder.php(300): Illuminate\\Database\\Eloquent\\Model::unguarded(Object(Closure))
#2 /var/www/html/lara/blog/vendor/laravel/framework/src/Illuminate/Database/Eloquent/FactoryBuilder.php(219): Illuminate\\Database\\Eloquent\\FactoryBuilder->makeInstance(Array)
#3 /var/www/html/lara/blog/vendor/laravel/framework/src/Illuminate/Database/Eloquent/FactoryBuilder.php(178): Illuminate\\Database\\Eloquent\\FactoryBuilder->make(Array)
#4 /var/www/html/lara/blog/database/factories/PersonFactory.php(14): Illuminate\\Database\\Eloquent\\FactoryBuilder->create()
#5 /var/www/html/lara/blog/vendor/laravel/framework/src/Illuminate/Database/Eloquent/FactoryBuilder.php(363): Illuminate\\Database\\Eloquent\\Factory->{closure}(Array)
#6 /var/www/html/lara/blog/vendor/laravel/framework/src/Illuminate/Database/Eloquent/FactoryBuilder.php(278): Illuminate\\Database\\Eloquent\\FactoryBuilder->expandAttributes(Array)
#7 /var/www/html/lara/blog/vendor/laravel/framework/src/Illuminate/Database/Eloquent/FactoryBuilder.php(292): Illuminate\\Database\\Eloquent\\FactoryBuilder->getRawAttributes(Array)
#8 /var/www/html/lara/blog/vendor/laravel/framework/src/Illuminate/Database/Eloquent/Concerns/GuardsAttributes.php(116): Illuminate\\Database\\Eloquent\\FactoryBuilder->Illuminate\\Database\\Eloquent\\{closure}()
#9 /var/www/html/lara/blog/vendor/laravel/framework/src/Illuminate/Database/Eloquent/FactoryBuilder.php(300): Illuminate\\Database\\Eloquent\\Model::unguarded(Object(Closure))
#10 /var/www/html/lara/blog/vendor/laravel/framework/src/Illuminate/Database/Eloquent/FactoryBuilder.php(229): Illuminate\\Database\\Eloquent\\FactoryBuilder->makeInstance(Array)
#11 [internal function]: Illuminate\\Database\\Eloquent\\FactoryBuilder->Illuminate\\Database\\Eloquent\\{closure}(1)
#12 /var/www/html/lara/blog/vendor/laravel/framework/src/Illuminate/Database/Eloquent/FactoryBuilder.php(230): array_map(Object(Closure), Array)
#13 /var/www/html/lara/blog/vendor/laravel/framework/src/Illuminate/Database/Eloquent/FactoryBuilder.php(178): Illuminate\\Database\\Eloquent\\FactoryBuilder->make(Array)
#14 /var/www/html/lara/blog/database/seeds/PersonTableSeeder.php(14): Illuminate\\Database\\Eloquent\\FactoryBuilder->create()
#15 [internal function]: PersonTableSeeder->run()
#16 /var/www/html/lara/blog/vendor/laravel/framework/src/Illuminate/Container/BoundMethod.php(32): call_user_func_array(Array, Array)
#17 /var/www/html/lara/blog/vendor/laravel/framework/src/Illuminate/Container/BoundMethod.php(90): Illuminate\\Container\\BoundMethod::Illuminate\\Container\\{closure}()
#18 /var/www/html/lara/blog/vendor/laravel/framework/src/Illuminate/Container/BoundMethod.php(34): Illuminate\\Container\\BoundMethod::callBoundMethod(Object(Illuminate\\Foundation\\Application), Array, Object(Closure))
#19 /var/www/html/lara/blog/vendor/laravel/framework/src/Illuminate/Container/Container.php(576): Illuminate\\Container\\BoundMethod::call(Object(Illuminate\\Foundation\\Application), Array, Array, NULL)
#20 /var/www/html/lara/blog/vendor/laravel/framework/src/Illuminate/Database/Seeder.php(122): Illuminate\\Container\\Container->call(Array)
#21 /var/www/html/lara/blog/vendor/laravel/framework/src/Illuminate/Database/Console/Seeds/SeedCommand.php(63): Illuminate\\Database\\Seeder->__invoke()
#22 /var/www/html/lara/blog/vendor/laravel/framework/src/Illuminate/Database/Eloquent/Concerns/GuardsAttributes.php(122): Illuminate\\Database\\Console\\Seeds\\SeedCommand->Illuminate\\Database\\Console\\Seeds\\{closure}()
#23 /var/www/html/lara/blog/vendor/laravel/framework/src/Illuminate/Database/Console/Seeds/SeedCommand.php(64): Illuminate\\Database\\Eloquent\\Model::unguarded(Object(Closure))
#24 [internal function]: Illuminate\\Database\\Console\\Seeds\\SeedCommand->handle()
#25 /var/www/html/lara/blog/vendor/laravel/framework/src/Illuminate/Container/BoundMethod.php(32): call_user_func_array(Array, Array)
#26 /var/www/html/lara/blog/vendor/laravel/framework/src/Illuminate/Container/BoundMethod.php(90): Illuminate\\Container\\BoundMethod::Illuminate\\Container\\{closure}()
#27 /var/www/html/lara/blog/vendor/laravel/framework/src/Illuminate/Container/BoundMethod.php(34): Illuminate\\Container\\BoundMethod::callBoundMethod(Object(Illuminate\\Foundation\\Application), Array, Object(Closure))
#28 /var/www/html/lara/blog/vendor/laravel/framework/src/Illuminate/Container/Container.php(576): Illuminate\\Container\\BoundMethod::call(Object(Illuminate\\Foundation\\Application), Array, Array, NULL)
#29 /var/www/html/lara/blog/vendor/laravel/framework/src/Illuminate/Console/Command.php(183): Illuminate\\Container\\Container->call(Array)
#30 /var/www/html/lara/blog/vendor/symfony/console/Command/Command.php(255): Illuminate\\Console\\Command->execute(Object(Symfony\\Component\\Console\\Input\\ArgvInput), Object(Illuminate\\Console\\OutputStyle))
#31 /var/www/html/lara/blog/vendor/laravel/framework/src/Illuminate/Console/Command.php(170): Symfony\\Component\\Console\\Command\\Command->run(Object(Symfony\\Component\\Console\\Input\\ArgvInput), Object(Illuminate\\Console\\OutputStyle))
#32 /var/www/html/lara/blog/vendor/symfony/console/Application.php(921): Illuminate\\Console\\Command->run(Object(Symfony\\Component\\Console\\Input\\ArgvInput), Object(Symfony\\Component\\Console\\Output\\ConsoleOutput))
#33 /var/www/html/lara/blog/vendor/symfony/console/Application.php(273): Symfony\\Component\\Console\\Application->doRunCommand(Object(Illuminate\\Database\\Console\\Seeds\\SeedCommand), Object(Symfony\\Component\\Console\\Input\\ArgvInput), Object(Symfony\\Component\\Console\\Output\\ConsoleOutput))
#34 /var/www/html/lara/blog/vendor/symfony/console/Application.php(149): Symfony\\Component\\Console\\Application->doRun(Object(Symfony\\Component\\Console\\Input\\ArgvInput), Object(Symfony\\Component\\Console\\Output\\ConsoleOutput))
#35 /var/www/html/lara/blog/vendor/laravel/framework/src/Illuminate/Console/Application.php(90): Symfony\\Component\\Console\\Application->run(Object(Symfony\\Component\\Console\\Input\\ArgvInput), Object(Symfony\\Component\\Console\\Output\\ConsoleOutput))
#36 /var/www/html/lara/blog/vendor/laravel/framework/src/Illuminate/Foundation/Console/Kernel.php(133): Illuminate\\Console\\Application->run(Object(Symfony\\Component\\Console\\Input\\ArgvInput), Object(Symfony\\Component\\Console\\Output\\ConsoleOutput))
#37 /var/www/html/lara/blog/artisan(37): Illuminate\\Foundation\\Console\\Kernel->handle(Object(Symfony\\Component\\Console\\Input\\ArgvInput), Object(Symfony\\Component\\Console\\Output\\ConsoleOutput))
#38 {main}
"} 
[2019-08-20 21:46:52] local.ERROR: SQLSTATE[42S22]: Column not found: 1054 Unknown column 'name' in 'field list' (SQL: insert into `users` (`name`, `email`, `email_verified_at`, `password`, `remember_token`, `updated_at`, `created_at`) values (Jackeline Konopelski, vwisozk@example.com, 2019-08-20 21:46:52, $2y$10$92IXUNpkjO0rOQ5byMi.Ye4oKoEa3Ro9llC/.og/at2.uheWG/igi, glNdK6rW1y, 2019-08-20 21:46:52, 2019-08-20 21:46:52)) {"exception":"[object] (Illuminate\\Database\\QueryException(code: 42S22): SQLSTATE[42S22]: Column not found: 1054 Unknown column 'name' in 'field list' (SQL: insert into `users` (`name`, `email`, `email_verified_at`, `password`, `remember_token`, `updated_at`, `created_at`) values (Jackeline Konopelski, vwisozk@example.com, 2019-08-20 21:46:52, $2y$10$92IXUNpkjO0rOQ5byMi.Ye4oKoEa3Ro9llC/.og/at2.uheWG/igi, glNdK6rW1y, 2019-08-20 21:46:52, 2019-08-20 21:46:52)) at /var/www/html/lara/blog/vendor/laravel/framework/src/Illuminate/Database/Connection.php:664, Doctrine\\DBAL\\Driver\\PDOException(code: 42S22): SQLSTATE[42S22]: Column not found: 1054 Unknown column 'name' in 'field list' at /var/www/html/lara/blog/vendor/doctrine/dbal/lib/Doctrine/DBAL/Driver/PDOConnection.php:63, PDOException(code: 42S22): SQLSTATE[42S22]: Column not found: 1054 Unknown column 'name' in 'field list' at /var/www/html/lara/blog/vendor/doctrine/dbal/lib/Doctrine/DBAL/Driver/PDOConnection.php:61)
[stacktrace]
#0 /var/www/html/lara/blog/vendor/laravel/framework/src/Illuminate/Database/Connection.php(624): Illuminate\\Database\\Connection->runQueryCallback('insert into `us...', Array, Object(Closure))
#1 /var/www/html/lara/blog/vendor/laravel/framework/src/Illuminate/Database/Connection.php(459): Illuminate\\Database\\Connection->run('insert into `us...', Array, Object(Closure))
#2 /var/www/html/lara/blog/vendor/laravel/framework/src/Illuminate/Database/Connection.php(411): Illuminate\\Database\\Connection->statement('insert into `us...', Array)
#3 /var/www/html/lara/blog/vendor/laravel/framework/src/Illuminate/Database/Query/Processors/Processor.php(32): Illuminate\\Database\\Connection->insert('insert into `us...', Array)
#4 /var/www/html/lara/blog/vendor/laravel/framework/src/Illuminate/Database/Query/Builder.php(2663): Illuminate\\Database\\Query\\Processors\\Processor->processInsertGetId(Object(Illuminate\\Database\\Query\\Builder), 'insert into `us...', Array, 'id')
#5 /var/www/html/lara/blog/vendor/laravel/framework/src/Illuminate/Database/Eloquent/Builder.php(1353): Illuminate\\Database\\Query\\Builder->insertGetId(Array, 'id')
#6 /var/www/html/lara/blog/vendor/laravel/framework/src/Illuminate/Database/Eloquent/Model.php(839): Illuminate\\Database\\Eloquent\\Builder->__call('insertGetId', Array)
#7 /var/www/html/lara/blog/vendor/laravel/framework/src/Illuminate/Database/Eloquent/Model.php(804): Illuminate\\Database\\Eloquent\\Model->insertAndSetId(Object(Illuminate\\Database\\Eloquent\\Builder), Array)
#8 /var/www/html/lara/blog/vendor/laravel/framework/src/Illuminate/Database/Eloquent/Model.php(667): Illuminate\\Database\\Eloquent\\Model->performInsert(Object(Illuminate\\Database\\Eloquent\\Builder))
#9 /var/www/html/lara/blog/vendor/laravel/framework/src/Illuminate/Database/Eloquent/FactoryBuilder.php(206): Illuminate\\Database\\Eloquent\\Model->save()
#10 /var/www/html/lara/blog/vendor/laravel/framework/src/Illuminate/Support/Collection.php(475): Illuminate\\Database\\Eloquent\\FactoryBuilder->Illuminate\\Database\\Eloquent\\{closure}(Object(App\\User), 0)
#11 /var/www/html/lara/blog/vendor/laravel/framework/src/Illuminate/Database/Eloquent/FactoryBuilder.php(207): Illuminate\\Support\\Collection->each(Object(Closure))
#12 /var/www/html/lara/blog/vendor/laravel/framework/src/Illuminate/Database/Eloquent/FactoryBuilder.php(181): Illuminate\\Database\\Eloquent\\FactoryBuilder->store(Object(Illuminate\\Support\\Collection))
#13 /var/www/html/lara/blog/database/factories/PersonFactory.php(23): Illuminate\\Database\\Eloquent\\FactoryBuilder->create()
#14 /var/www/html/lara/blog/vendor/laravel/framework/src/Illuminate/Database/Eloquent/FactoryBuilder.php(363): Illuminate\\Database\\Eloquent\\Factory->{closure}(Array)
#15 /var/www/html/lara/blog/vendor/laravel/framework/src/Illuminate/Database/Eloquent/FactoryBuilder.php(278): Illuminate\\Database\\Eloquent\\FactoryBuilder->expandAttributes(Array)
#16 /var/www/html/lara/blog/vendor/laravel/framework/src/Illuminate/Database/Eloquent/FactoryBuilder.php(292): Illuminate\\Database\\Eloquent\\FactoryBuilder->getRawAttributes(Array)
#17 /var/www/html/lara/blog/vendor/laravel/framework/src/Illuminate/Database/Eloquent/Concerns/GuardsAttributes.php(116): Illuminate\\Database\\Eloquent\\FactoryBuilder->Illuminate\\Database\\Eloquent\\{closure}()
#18 /var/www/html/lara/blog/vendor/laravel/framework/src/Illuminate/Database/Eloquent/FactoryBuilder.php(300): Illuminate\\Database\\Eloquent\\Model::unguarded(Object(Closure))
#19 /var/www/html/lara/blog/vendor/laravel/framework/src/Illuminate/Database/Eloquent/FactoryBuilder.php(229): Illuminate\\Database\\Eloquent\\FactoryBuilder->makeInstance(Array)
#20 [internal function]: Illuminate\\Database\\Eloquent\\FactoryBuilder->Illuminate\\Database\\Eloquent\\{closure}(1)
#21 /var/www/html/lara/blog/vendor/laravel/framework/src/Illuminate/Database/Eloquent/FactoryBuilder.php(230): array_map(Object(Closure), Array)
#22 /var/www/html/lara/blog/vendor/laravel/framework/src/Illuminate/Database/Eloquent/FactoryBuilder.php(178): Illuminate\\Database\\Eloquent\\FactoryBuilder->make(Array)
#23 /var/www/html/lara/blog/database/seeds/PersonTableSeeder.php(14): Illuminate\\Database\\Eloquent\\FactoryBuilder->create()
#24 [internal function]: PersonTableSeeder->run()
#25 /var/www/html/lara/blog/vendor/laravel/framework/src/Illuminate/Container/BoundMethod.php(32): call_user_func_array(Array, Array)
#26 /var/www/html/lara/blog/vendor/laravel/framework/src/Illuminate/Container/BoundMethod.php(90): Illuminate\\Container\\BoundMethod::Illuminate\\Container\\{closure}()
#27 /var/www/html/lara/blog/vendor/laravel/framework/src/Illuminate/Container/BoundMethod.php(34): Illuminate\\Container\\BoundMethod::callBoundMethod(Object(Illuminate\\Foundation\\Application), Array, Object(Closure))
#28 /var/www/html/lara/blog/vendor/laravel/framework/src/Illuminate/Container/Container.php(576): Illuminate\\Container\\BoundMethod::call(Object(Illuminate\\Foundation\\Application), Array, Array, NULL)
#29 /var/www/html/lara/blog/vendor/laravel/framework/src/Illuminate/Database/Seeder.php(122): Illuminate\\Container\\Container->call(Array)
#30 /var/www/html/lara/blog/vendor/laravel/framework/src/Illuminate/Database/Console/Seeds/SeedCommand.php(63): Illuminate\\Database\\Seeder->__invoke()
#31 /var/www/html/lara/blog/vendor/laravel/framework/src/Illuminate/Database/Eloquent/Concerns/GuardsAttributes.php(122): Illuminate\\Database\\Console\\Seeds\\SeedCommand->Illuminate\\Database\\Console\\Seeds\\{closure}()
#32 /var/www/html/lara/blog/vendor/laravel/framework/src/Illuminate/Database/Console/Seeds/SeedCommand.php(64): Illuminate\\Database\\Eloquent\\Model::unguarded(Object(Closure))
#33 [internal function]: Illuminate\\Database\\Console\\Seeds\\SeedCommand->handle()
#34 /var/www/html/lara/blog/vendor/laravel/framework/src/Illuminate/Container/BoundMethod.php(32): call_user_func_array(Array, Array)
#35 /var/www/html/lara/blog/vendor/laravel/framework/src/Illuminate/Container/BoundMethod.php(90): Illuminate\\Container\\BoundMethod::Illuminate\\Container\\{closure}()
#36 /var/www/html/lara/blog/vendor/laravel/framework/src/Illuminate/Container/BoundMethod.php(34): Illuminate\\Container\\BoundMethod::callBoundMethod(Object(Illuminate\\Foundation\\Application), Array, Object(Closure))
#37 /var/www/html/lara/blog/vendor/laravel/framework/src/Illuminate/Container/Container.php(576): Illuminate\\Container\\BoundMethod::call(Object(Illuminate\\Foundation\\Application), Array, Array, NULL)
#38 /var/www/html/lara/blog/vendor/laravel/framework/src/Illuminate/Console/Command.php(183): Illuminate\\Container\\Container->call(Array)
#39 /var/www/html/lara/blog/vendor/symfony/console/Command/Command.php(255): Illuminate\\Console\\Command->execute(Object(Symfony\\Component\\Console\\Input\\ArgvInput), Object(Illuminate\\Console\\OutputStyle))
#40 /var/www/html/lara/blog/vendor/laravel/framework/src/Illuminate/Console/Command.php(170): Symfony\\Component\\Console\\Command\\Command->run(Object(Symfony\\Component\\Console\\Input\\ArgvInput), Object(Illuminate\\Console\\OutputStyle))
#41 /var/www/html/lara/blog/vendor/symfony/console/Application.php(921): Illuminate\\Console\\Command->run(Object(Symfony\\Component\\Console\\Input\\ArgvInput), Object(Symfony\\Component\\Console\\Output\\ConsoleOutput))
#42 /var/www/html/lara/blog/vendor/symfony/console/Application.php(273): Symfony\\Component\\Console\\Application->doRunCommand(Object(Illuminate\\Database\\Console\\Seeds\\SeedCommand), Object(Symfony\\Component\\Console\\Input\\ArgvInput), Object(Symfony\\Component\\Console\\Output\\ConsoleOutput))
#43 /var/www/html/lara/blog/vendor/symfony/console/Application.php(149): Symfony\\Component\\Console\\Application->doRun(Object(Symfony\\Component\\Console\\Input\\ArgvInput), Object(Symfony\\Component\\Console\\Output\\ConsoleOutput))
#44 /var/www/html/lara/blog/vendor/laravel/framework/src/Illuminate/Console/Application.php(90): Symfony\\Component\\Console\\Application->run(Object(Symfony\\Component\\Console\\Input\\ArgvInput), Object(Symfony\\Component\\Console\\Output\\ConsoleOutput))
#45 /var/www/html/lara/blog/vendor/laravel/framework/src/Illuminate/Foundation/Console/Kernel.php(133): Illuminate\\Console\\Application->run(Object(Symfony\\Component\\Console\\Input\\ArgvInput), Object(Symfony\\Component\\Console\\Output\\ConsoleOutput))
#46 /var/www/html/lara/blog/artisan(37): Illuminate\\Foundation\\Console\\Kernel->handle(Object(Symfony\\Component\\Console\\Input\\ArgvInput), Object(Symfony\\Component\\Console\\Output\\ConsoleOutput))
#47 {main}
"} 
[2019-08-20 21:57:19] local.ERROR: SQLSTATE[HY000]: General error: 1366 Incorrect integer value: 'en' for column 'language' at row 1 (SQL: insert into `person` (`salutation`, `firstname`, `lastname`, `companyid`, `jobtitle`, `profiletext`, `profileimage`, `language`, `interestedin`, `canprovide`, `user`, `updated_at`, `created_at`) values (?, Rita, Kuvalis, 4, vitae, Voluptatem id nulla facilis., ?, en, php, java, 8, 2019-08-20 21:57:19, 2019-08-20 21:57:19)) {"exception":"[object] (Illuminate\\Database\\QueryException(code: HY000): SQLSTATE[HY000]: General error: 1366 Incorrect integer value: 'en' for column 'language' at row 1 (SQL: insert into `person` (`salutation`, `firstname`, `lastname`, `companyid`, `jobtitle`, `profiletext`, `profileimage`, `language`, `interestedin`, `canprovide`, `user`, `updated_at`, `created_at`) values (?, Rita, Kuvalis, 4, vitae, Voluptatem id nulla facilis., ?, en, php, java, 8, 2019-08-20 21:57:19, 2019-08-20 21:57:19)) at /var/www/html/lara/blog/vendor/laravel/framework/src/Illuminate/Database/Connection.php:664, Doctrine\\DBAL\\Driver\\PDOException(code: HY000): SQLSTATE[HY000]: General error: 1366 Incorrect integer value: 'en' for column 'language' at row 1 at /var/www/html/lara/blog/vendor/doctrine/dbal/lib/Doctrine/DBAL/Driver/PDOStatement.php:119, PDOException(code: HY000): SQLSTATE[HY000]: General error: 1366 Incorrect integer value: 'en' for column 'language' at row 1 at /var/www/html/lara/blog/vendor/doctrine/dbal/lib/Doctrine/DBAL/Driver/PDOStatement.php:117)
[stacktrace]
#0 /var/www/html/lara/blog/vendor/laravel/framework/src/Illuminate/Database/Connection.php(624): Illuminate\\Database\\Connection->runQueryCallback('insert into `pe...', Array, Object(Closure))
#1 /var/www/html/lara/blog/vendor/laravel/framework/src/Illuminate/Database/Connection.php(459): Illuminate\\Database\\Connection->run('insert into `pe...', Array, Object(Closure))
#2 /var/www/html/lara/blog/vendor/laravel/framework/src/Illuminate/Database/Connection.php(411): Illuminate\\Database\\Connection->statement('insert into `pe...', Array)
#3 /var/www/html/lara/blog/vendor/laravel/framework/src/Illuminate/Database/Query/Processors/Processor.php(32): Illuminate\\Database\\Connection->insert('insert into `pe...', Array)
#4 /var/www/html/lara/blog/vendor/laravel/framework/src/Illuminate/Database/Query/Builder.php(2663): Illuminate\\Database\\Query\\Processors\\Processor->processInsertGetId(Object(Illuminate\\Database\\Query\\Builder), 'insert into `pe...', Array, 'id')
#5 /var/www/html/lara/blog/vendor/laravel/framework/src/Illuminate/Database/Eloquent/Builder.php(1353): Illuminate\\Database\\Query\\Builder->insertGetId(Array, 'id')
#6 /var/www/html/lara/blog/vendor/laravel/framework/src/Illuminate/Database/Eloquent/Model.php(839): Illuminate\\Database\\Eloquent\\Builder->__call('insertGetId', Array)
#7 /var/www/html/lara/blog/vendor/laravel/framework/src/Illuminate/Database/Eloquent/Model.php(804): Illuminate\\Database\\Eloquent\\Model->insertAndSetId(Object(Illuminate\\Database\\Eloquent\\Builder), Array)
#8 /var/www/html/lara/blog/vendor/laravel/framework/src/Illuminate/Database/Eloquent/Model.php(667): Illuminate\\Database\\Eloquent\\Model->performInsert(Object(Illuminate\\Database\\Eloquent\\Builder))
#9 /var/www/html/lara/blog/vendor/laravel/framework/src/Illuminate/Database/Eloquent/FactoryBuilder.php(206): Illuminate\\Database\\Eloquent\\Model->save()
#10 /var/www/html/lara/blog/vendor/laravel/framework/src/Illuminate/Support/Collection.php(475): Illuminate\\Database\\Eloquent\\FactoryBuilder->Illuminate\\Database\\Eloquent\\{closure}(Object(App\\Person), 0)
#11 /var/www/html/lara/blog/vendor/laravel/framework/src/Illuminate/Database/Eloquent/FactoryBuilder.php(207): Illuminate\\Support\\Collection->each(Object(Closure))
#12 /var/www/html/lara/blog/vendor/laravel/framework/src/Illuminate/Database/Eloquent/FactoryBuilder.php(185): Illuminate\\Database\\Eloquent\\FactoryBuilder->store(Object(Illuminate\\Database\\Eloquent\\Collection))
#13 /var/www/html/lara/blog/database/seeds/PersonTableSeeder.php(14): Illuminate\\Database\\Eloquent\\FactoryBuilder->create()
#14 [internal function]: PersonTableSeeder->run()
#15 /var/www/html/lara/blog/vendor/laravel/framework/src/Illuminate/Container/BoundMethod.php(32): call_user_func_array(Array, Array)
#16 /var/www/html/lara/blog/vendor/laravel/framework/src/Illuminate/Container/BoundMethod.php(90): Illuminate\\Container\\BoundMethod::Illuminate\\Container\\{closure}()
#17 /var/www/html/lara/blog/vendor/laravel/framework/src/Illuminate/Container/BoundMethod.php(34): Illuminate\\Container\\BoundMethod::callBoundMethod(Object(Illuminate\\Foundation\\Application), Array, Object(Closure))
#18 /var/www/html/lara/blog/vendor/laravel/framework/src/Illuminate/Container/Container.php(576): Illuminate\\Container\\BoundMethod::call(Object(Illuminate\\Foundation\\Application), Array, Array, NULL)
#19 /var/www/html/lara/blog/vendor/laravel/framework/src/Illuminate/Database/Seeder.php(122): Illuminate\\Container\\Container->call(Array)
#20 /var/www/html/lara/blog/vendor/laravel/framework/src/Illuminate/Database/Console/Seeds/SeedCommand.php(63): Illuminate\\Database\\Seeder->__invoke()
#21 /var/www/html/lara/blog/vendor/laravel/framework/src/Illuminate/Database/Eloquent/Concerns/GuardsAttributes.php(122): Illuminate\\Database\\Console\\Seeds\\SeedCommand->Illuminate\\Database\\Console\\Seeds\\{closure}()
#22 /var/www/html/lara/blog/vendor/laravel/framework/src/Illuminate/Database/Console/Seeds/SeedCommand.php(64): Illuminate\\Database\\Eloquent\\Model::unguarded(Object(Closure))
#23 [internal function]: Illuminate\\Database\\Console\\Seeds\\SeedCommand->handle()
#24 /var/www/html/lara/blog/vendor/laravel/framework/src/Illuminate/Container/BoundMethod.php(32): call_user_func_array(Array, Array)
#25 /var/www/html/lara/blog/vendor/laravel/framework/src/Illuminate/Container/BoundMethod.php(90): Illuminate\\Container\\BoundMethod::Illuminate\\Container\\{closure}()
#26 /var/www/html/lara/blog/vendor/laravel/framework/src/Illuminate/Container/BoundMethod.php(34): Illuminate\\Container\\BoundMethod::callBoundMethod(Object(Illuminate\\Foundation\\Application), Array, Object(Closure))
#27 /var/www/html/lara/blog/vendor/laravel/framework/src/Illuminate/Container/Container.php(576): Illuminate\\Container\\BoundMethod::call(Object(Illuminate\\Foundation\\Application), Array, Array, NULL)
#28 /var/www/html/lara/blog/vendor/laravel/framework/src/Illuminate/Console/Command.php(183): Illuminate\\Container\\Container->call(Array)
#29 /var/www/html/lara/blog/vendor/symfony/console/Command/Command.php(255): Illuminate\\Console\\Command->execute(Object(Symfony\\Component\\Console\\Input\\ArgvInput), Object(Illuminate\\Console\\OutputStyle))
#30 /var/www/html/lara/blog/vendor/laravel/framework/src/Illuminate/Console/Command.php(170): Symfony\\Component\\Console\\Command\\Command->run(Object(Symfony\\Component\\Console\\Input\\ArgvInput), Object(Illuminate\\Console\\OutputStyle))
#31 /var/www/html/lara/blog/vendor/symfony/console/Application.php(921): Illuminate\\Console\\Command->run(Object(Symfony\\Component\\Console\\Input\\ArgvInput), Object(Symfony\\Component\\Console\\Output\\ConsoleOutput))
#32 /var/www/html/lara/blog/vendor/symfony/console/Application.php(273): Symfony\\Component\\Console\\Application->doRunCommand(Object(Illuminate\\Database\\Console\\Seeds\\SeedCommand), Object(Symfony\\Component\\Console\\Input\\ArgvInput), Object(Symfony\\Component\\Console\\Output\\ConsoleOutput))
#33 /var/www/html/lara/blog/vendor/symfony/console/Application.php(149): Symfony\\Component\\Console\\Application->doRun(Object(Symfony\\Component\\Console\\Input\\ArgvInput), Object(Symfony\\Component\\Console\\Output\\ConsoleOutput))
#34 /var/www/html/lara/blog/vendor/laravel/framework/src/Illuminate/Console/Application.php(90): Symfony\\Component\\Console\\Application->run(Object(Symfony\\Component\\Console\\Input\\ArgvInput), Object(Symfony\\Component\\Console\\Output\\ConsoleOutput))
#35 /var/www/html/lara/blog/vendor/laravel/framework/src/Illuminate/Foundation/Console/Kernel.php(133): Illuminate\\Console\\Application->run(Object(Symfony\\Component\\Console\\Input\\ArgvInput), Object(Symfony\\Component\\Console\\Output\\ConsoleOutput))
#36 /var/www/html/lara/blog/artisan(37): Illuminate\\Foundation\\Console\\Kernel->handle(Object(Symfony\\Component\\Console\\Input\\ArgvInput), Object(Symfony\\Component\\Console\\Output\\ConsoleOutput))
#37 {main}
"} 
